
========================[ Apr 22, 2013  1:48 PM ]========================
Version 2.2.21 [Jun-14-2009]
Started database file "bacteriocinIv2.db"
Formatted 158 sequences in volume 0
SUCCESS: formatted database bacteriocinIv2.db

========================[ Apr 22, 2013  1:48 PM ]========================
Version 2.2.21 [Jun-14-2009]
Started database file "bacteriocinIIv2.db"
Formatted 241 sequences in volume 0
SUCCESS: formatted database bacteriocinIIv2.db

========================[ Apr 22, 2013  1:48 PM ]========================
Version 2.2.21 [Jun-14-2009]
Started database file "bacteriocinIIIv2.db"
Formatted 93 sequences in volume 0
SUCCESS: formatted database bacteriocinIIIv2.db

========================[ Apr 22, 2013  1:48 PM ]========================
Version 2.2.21 [Jun-14-2009]
Started database file "all_context.db"
Formatted 769 sequences in volume 0
SUCCESS: formatted database all_context.db

========================[ Apr 22, 2013  2:01 PM ]========================
Version 2.2.21 [Jun-14-2009]
Started database file "bacteriocinIv2.db"
Formatted 158 sequences in volume 0
SUCCESS: formatted database bacteriocinIv2.db

========================[ Apr 22, 2013  2:01 PM ]========================
Version 2.2.21 [Jun-14-2009]
Started database file "bacteriocinIIv2.db"
Formatted 241 sequences in volume 0
SUCCESS: formatted database bacteriocinIIv2.db

========================[ Apr 22, 2013  2:01 PM ]========================
Version 2.2.21 [Jun-14-2009]
Started database file "bacteriocinIIIv2.db"
Formatted 93 sequences in volume 0
SUCCESS: formatted database bacteriocinIIIv2.db

========================[ Apr 22, 2013  2:01 PM ]========================
Version 2.2.21 [Jun-14-2009]
Started database file "all_context.db"
Formatted 769 sequences in volume 0
SUCCESS: formatted database all_context.db

========================[ Apr 22, 2013  2:02 PM ]========================
Version 2.2.21 [Jun-14-2009]
Started database file "bacteriocinIv2.db"
Formatted 158 sequences in volume 0
SUCCESS: formatted database bacteriocinIv2.db

========================[ Apr 22, 2013  2:02 PM ]========================
Version 2.2.21 [Jun-14-2009]
Started database file "bacteriocinIIv2.db"
Formatted 47 sequences in volume 0
SUCCESS: formatted database bacteriocinIIv2.db

========================[ Apr 22, 2013  2:02 PM ]========================
Version 2.2.21 [Jun-14-2009]
Started database file "bacteriocinIIIv2.db"
Formatted 93 sequences in volume 0
SUCCESS: formatted database bacteriocinIIIv2.db

========================[ Apr 22, 2013  2:02 PM ]========================
Version 2.2.21 [Jun-14-2009]
Started database file "all_context.db"
Formatted 769 sequences in volume 0
SUCCESS: formatted database all_context.db

========================[ Apr 22, 2013  2:07 PM ]========================
Version 2.2.21 [Jun-14-2009]
Started database file "bacteriocinIv2.db"
Formatted 158 sequences in volume 0
SUCCESS: formatted database bacteriocinIv2.db

========================[ Apr 22, 2013  2:07 PM ]========================
Version 2.2.21 [Jun-14-2009]
Started database file "bacteriocinIIv2.db"
Formatted 47 sequences in volume 0
SUCCESS: formatted database bacteriocinIIv2.db

========================[ Apr 22, 2013  2:07 PM ]========================
Version 2.2.21 [Jun-14-2009]
Started database file "bacteriocinIIIv2.db"
Formatted 93 sequences in volume 0
SUCCESS: formatted database bacteriocinIIIv2.db

========================[ Apr 22, 2013  2:07 PM ]========================
Version 2.2.21 [Jun-14-2009]
Started database file "all_context.db"
Formatted 769 sequences in volume 0
SUCCESS: formatted database all_context.db

========================[ Apr 22, 2013  2:24 PM ]========================
Version 2.2.21 [Jun-14-2009]
Started database file "bacteriocinIv2.db"
Formatted 158 sequences in volume 0
SUCCESS: formatted database bacteriocinIv2.db

========================[ Apr 22, 2013  2:24 PM ]========================
Version 2.2.21 [Jun-14-2009]
Started database file "bacteriocinIIv2.db"
Formatted 47 sequences in volume 0
SUCCESS: formatted database bacteriocinIIv2.db

========================[ Apr 22, 2013  2:24 PM ]========================
Version 2.2.21 [Jun-14-2009]
Started database file "bacteriocinIIIv2.db"
Formatted 93 sequences in volume 0
SUCCESS: formatted database bacteriocinIIIv2.db

========================[ Apr 22, 2013  2:24 PM ]========================
Version 2.2.21 [Jun-14-2009]
Started database file "all_context.db"
Formatted 769 sequences in volume 0
SUCCESS: formatted database all_context.db

========================[ Apr 22, 2013  2:27 PM ]========================
Version 2.2.21 [Jun-14-2009]
Started database file "bacteriocinIv2.db"
Formatted 158 sequences in volume 0
SUCCESS: formatted database bacteriocinIv2.db

========================[ Apr 22, 2013  2:27 PM ]========================
Version 2.2.21 [Jun-14-2009]
Started database file "bacteriocinIIv2.db"
Formatted 228 sequences in volume 0
SUCCESS: formatted database bacteriocinIIv2.db

========================[ Apr 22, 2013  2:27 PM ]========================
Version 2.2.21 [Jun-14-2009]
Started database file "bacteriocinIIIv2.db"
Formatted 93 sequences in volume 0
SUCCESS: formatted database bacteriocinIIIv2.db

========================[ Apr 22, 2013  2:27 PM ]========================
Version 2.2.21 [Jun-14-2009]
Started database file "all_context.db"
Formatted 769 sequences in volume 0
SUCCESS: formatted database all_context.db

========================[ Sep 4, 2015  2:00 PM ]========================
Version 2.2.26 [Sep-21-2011]
Started database file "bacteriocinIv2.db"
Formatted 158 sequences in volume 0
SUCCESS: formatted database bacteriocinIv2.db

========================[ Sep 4, 2015  2:00 PM ]========================
Version 2.2.26 [Sep-21-2011]
Started database file "bacteriocinIIv2.db"
Formatted 229 sequences in volume 0
SUCCESS: formatted database bacteriocinIIv2.db

========================[ Sep 4, 2015  2:00 PM ]========================
Version 2.2.26 [Sep-21-2011]
Started database file "bacteriocinIIIv2.db"
Formatted 93 sequences in volume 0
SUCCESS: formatted database bacteriocinIIIv2.db

========================[ Sep 4, 2015  2:00 PM ]========================
Version 2.2.26 [Sep-21-2011]
Started database file "all_context.db"
Formatted 769 sequences in volume 0
SUCCESS: formatted database all_context.db

========================[ Jul 4, 2016 12:46 PM ]========================
Version 2.2.26 [Sep-21-2011]
Started database file "bacteriocinIv2.db"
Formatted 169 sequences in volume 0
SUCCESS: formatted database bacteriocinIv2.db

========================[ Jul 4, 2016 12:46 PM ]========================
Version 2.2.26 [Sep-21-2011]
Started database file "bacteriocinIIv2.db"
Formatted 229 sequences in volume 0
SUCCESS: formatted database bacteriocinIIv2.db

========================[ Jul 4, 2016 12:46 PM ]========================
Version 2.2.26 [Sep-21-2011]
Started database file "bacteriocinIIIv2.db"
Formatted 93 sequences in volume 0
SUCCESS: formatted database bacteriocinIIIv2.db

========================[ Jul 4, 2016 12:46 PM ]========================
Version 2.2.26 [Sep-21-2011]
Started database file "all_context.db"
Formatted 769 sequences in volume 0
SUCCESS: formatted database all_context.db

========================[ Dec 4, 2017  4:45 PM ]========================
Version 2.2.26 [Sep-21-2011]
Started database file "bagel4_class1bacteriocin_db.fasta"
FDBFinish: Empty protein database...
SUCCESS: formatted database bagel4_class1bacteriocin_db.fasta

========================[ Dec 4, 2017  4:45 PM ]========================
Version 2.2.26 [Sep-21-2011]
Started database file "bagel4_class2bacteriocin_db.fasta"
FDBFinish: Empty protein database...
SUCCESS: formatted database bagel4_class2bacteriocin_db.fasta

========================[ Dec 4, 2017  4:45 PM ]========================
Version 2.2.26 [Sep-21-2011]
Started database file "bagel4_class3bacteriocin_db.fasta"
FDBFinish: Empty protein database...
SUCCESS: formatted database bagel4_class3bacteriocin_db.fasta

========================[ Dec 4, 2017  4:45 PM ]========================
Version 2.2.26 [Sep-21-2011]
Started database file "bagel4_class1bacteriocin_db.fasta"
WARNING: [000.000] Cannot add sequence number 183 (lcl|263.1;Gassericin) because it has zero-length.

Removed single-volume database bagel4_class1bacteriocin_db.fasta
FATAL ERROR: [001.000] Fatal error when adding sequence to BLAST database.

========================[ Dec 4, 2017  4:45 PM ]========================
Version 2.2.26 [Sep-21-2011]
Started database file "bagel4_class2bacteriocin_db.fasta"
Formatted 229 sequences in volume 0
SUCCESS: formatted database bagel4_class2bacteriocin_db.fasta

========================[ Dec 4, 2017  4:45 PM ]========================
Version 2.2.26 [Sep-21-2011]
Started database file "bagel4_class3bacteriocin_db.fasta"
Formatted 93 sequences in volume 0
SUCCESS: formatted database bagel4_class3bacteriocin_db.fasta

========================[ Dec 4, 2017  5:04 PM ]========================
Version 2.2.26 [Sep-21-2011]
Started database file "bagel4_class1bacteriocin_db.fasta"
WARNING: [000.000] Cannot add sequence number 207 (lcl|288.1;Phomopsins) because it has zero-length.

Removed single-volume database bagel4_class1bacteriocin_db.fasta
FATAL ERROR: [001.000] Fatal error when adding sequence to BLAST database.

========================[ Dec 4, 2017  5:04 PM ]========================
Version 2.2.26 [Sep-21-2011]
Started database file "bagel4_class2bacteriocin_db.fasta"
Formatted 229 sequences in volume 0
SUCCESS: formatted database bagel4_class2bacteriocin_db.fasta

========================[ Dec 4, 2017  5:04 PM ]========================
Version 2.2.26 [Sep-21-2011]
Started database file "bagel4_class3bacteriocin_db.fasta"
Formatted 93 sequences in volume 0
SUCCESS: formatted database bagel4_class3bacteriocin_db.fasta

========================[ Dec 4, 2017  5:06 PM ]========================
Version 2.2.26 [Sep-21-2011]
Started database file "bagel4_class1bacteriocin_db.fasta"
WARNING: [000.000] Cannot add sequence number 207 (lcl|288.1;Phomopsins) because it has zero-length.

Removed single-volume database bagel4_class1bacteriocin_db.fasta
FATAL ERROR: [001.000] Fatal error when adding sequence to BLAST database.

========================[ Dec 4, 2017  5:06 PM ]========================
Version 2.2.26 [Sep-21-2011]
Started database file "bagel4_class2bacteriocin_db.fasta"
Formatted 229 sequences in volume 0
SUCCESS: formatted database bagel4_class2bacteriocin_db.fasta

========================[ Dec 4, 2017  5:06 PM ]========================
Version 2.2.26 [Sep-21-2011]
Started database file "bagel4_class3bacteriocin_db.fasta"
Formatted 93 sequences in volume 0
SUCCESS: formatted database bagel4_class3bacteriocin_db.fasta

========================[ Dec 4, 2017  5:06 PM ]========================
Version 2.2.26 [Sep-21-2011]
Started database file "bagel4_class1bacteriocin_db.fasta"
WARNING: [000.000] Cannot add sequence number 207 (lcl|288.1;Phomopsins) because it has zero-length.

Removed single-volume database bagel4_class1bacteriocin_db.fasta
FATAL ERROR: [001.000] Fatal error when adding sequence to BLAST database.

========================[ Dec 4, 2017  5:06 PM ]========================
Version 2.2.26 [Sep-21-2011]
Started database file "bagel4_class2bacteriocin_db.fasta"
Formatted 229 sequences in volume 0
SUCCESS: formatted database bagel4_class2bacteriocin_db.fasta

========================[ Dec 4, 2017  5:06 PM ]========================
Version 2.2.26 [Sep-21-2011]
Started database file "bagel4_class3bacteriocin_db.fasta"
Formatted 93 sequences in volume 0
SUCCESS: formatted database bagel4_class3bacteriocin_db.fasta

========================[ Dec 4, 2017  5:07 PM ]========================
Version 2.2.26 [Sep-21-2011]
Started database file "bagel4_class1bacteriocin_db.fasta"
FDBFinish: Empty protein database...
SUCCESS: formatted database bagel4_class1bacteriocin_db.fasta

========================[ Dec 4, 2017  5:07 PM ]========================
Version 2.2.26 [Sep-21-2011]
Started database file "bagel4_class2bacteriocin_db.fasta"
FDBFinish: Empty protein database...
SUCCESS: formatted database bagel4_class2bacteriocin_db.fasta

========================[ Dec 4, 2017  5:07 PM ]========================
Version 2.2.26 [Sep-21-2011]
Started database file "bagel4_class3bacteriocin_db.fasta"
FDBFinish: Empty protein database...
SUCCESS: formatted database bagel4_class3bacteriocin_db.fasta

========================[ Dec 4, 2017  5:08 PM ]========================
Version 2.2.26 [Sep-21-2011]
Started database file "bagel4_class1bacteriocin_db.fasta"
Formatted 309 sequences in volume 0
SUCCESS: formatted database bagel4_class1bacteriocin_db.fasta

========================[ Dec 4, 2017  5:08 PM ]========================
Version 2.2.26 [Sep-21-2011]
Started database file "bagel4_class2bacteriocin_db.fasta"
Formatted 229 sequences in volume 0
SUCCESS: formatted database bagel4_class2bacteriocin_db.fasta

========================[ Dec 4, 2017  5:08 PM ]========================
Version 2.2.26 [Sep-21-2011]
Started database file "bagel4_class3bacteriocin_db.fasta"
Formatted 93 sequences in volume 0
SUCCESS: formatted database bagel4_class3bacteriocin_db.fasta

========================[ Dec 5, 2017  5:45 PM ]========================
Version 2.2.26 [Sep-21-2011]
Started database file "bagel4_class1bacteriocin_db.fasta"
Formatted 309 sequences in volume 0
SUCCESS: formatted database bagel4_class1bacteriocin_db.fasta

========================[ Dec 5, 2017  5:45 PM ]========================
Version 2.2.26 [Sep-21-2011]
Started database file "bagel4_class2bacteriocin_db.fasta"
Formatted 229 sequences in volume 0
SUCCESS: formatted database bagel4_class2bacteriocin_db.fasta

========================[ Dec 5, 2017  5:45 PM ]========================
Version 2.2.26 [Sep-21-2011]
Started database file "bagel4_class3bacteriocin_db.fasta"
Formatted 93 sequences in volume 0
SUCCESS: formatted database bagel4_class3bacteriocin_db.fasta

========================[ Dec 5, 2017  5:47 PM ]========================
Version 2.2.26 [Sep-21-2011]
Started database file "bagel4_class1bacteriocin_db.fasta"
Formatted 309 sequences in volume 0
SUCCESS: formatted database bagel4_class1bacteriocin_db.fasta

========================[ Dec 5, 2017  5:47 PM ]========================
Version 2.2.26 [Sep-21-2011]
Started database file "bagel4_class2bacteriocin_db.fasta"
Formatted 229 sequences in volume 0
SUCCESS: formatted database bagel4_class2bacteriocin_db.fasta

========================[ Dec 5, 2017  5:47 PM ]========================
Version 2.2.26 [Sep-21-2011]
Started database file "bagel4_class3bacteriocin_db.fasta"
Formatted 93 sequences in volume 0
SUCCESS: formatted database bagel4_class3bacteriocin_db.fasta

========================[ Mar 11, 2020  4:00 PM ]========================
Version 2.2.26 [Sep-21-2011]
Started database file "bagel4_class1bacteriocin_db.fasta"
Formatted 485 sequences in volume 0
SUCCESS: formatted database bagel4_class1bacteriocin_db.fasta

========================[ Mar 11, 2020  4:00 PM ]========================
Version 2.2.26 [Sep-21-2011]
Started database file "bagel4_class2bacteriocin_db.fasta"
Formatted 229 sequences in volume 0
SUCCESS: formatted database bagel4_class2bacteriocin_db.fasta

========================[ Mar 11, 2020  4:00 PM ]========================
Version 2.2.26 [Sep-21-2011]
Started database file "bagel4_class3bacteriocin_db.fasta"
Formatted 93 sequences in volume 0
SUCCESS: formatted database bagel4_class3bacteriocin_db.fasta

========================[ Mar 11, 2020  4:02 PM ]========================
Version 2.2.26 [Sep-21-2011]
Started database file "bagel4_class1bacteriocin_db.fasta"
Formatted 485 sequences in volume 0
SUCCESS: formatted database bagel4_class1bacteriocin_db.fasta

========================[ Mar 11, 2020  4:02 PM ]========================
Version 2.2.26 [Sep-21-2011]
Started database file "bagel4_class2bacteriocin_db.fasta"
Formatted 229 sequences in volume 0
SUCCESS: formatted database bagel4_class2bacteriocin_db.fasta

========================[ Mar 11, 2020  4:02 PM ]========================
Version 2.2.26 [Sep-21-2011]
Started database file "bagel4_class3bacteriocin_db.fasta"
Formatted 93 sequences in volume 0
SUCCESS: formatted database bagel4_class3bacteriocin_db.fasta

========================[ Mar 13, 2020 11:45 AM ]========================
Version 2.2.26 [Sep-21-2011]
Started database file "bagel4_class1bacteriocin_db.fasta"
Formatted 486 sequences in volume 0
SUCCESS: formatted database bagel4_class1bacteriocin_db.fasta

========================[ Mar 13, 2020 11:45 AM ]========================
Version 2.2.26 [Sep-21-2011]
Started database file "bagel4_class2bacteriocin_db.fasta"
Formatted 229 sequences in volume 0
SUCCESS: formatted database bagel4_class2bacteriocin_db.fasta

========================[ Mar 13, 2020 11:45 AM ]========================
Version 2.2.26 [Sep-21-2011]
Started database file "bagel4_class3bacteriocin_db.fasta"
Formatted 93 sequences in volume 0
SUCCESS: formatted database bagel4_class3bacteriocin_db.fasta

========================[ Mar 13, 2020 11:52 AM ]========================
Version 2.2.26 [Sep-21-2011]
Started database file "bagel4_class1bacteriocin_db.fasta"
Formatted 486 sequences in volume 0
SUCCESS: formatted database bagel4_class1bacteriocin_db.fasta

========================[ Mar 13, 2020 11:52 AM ]========================
Version 2.2.26 [Sep-21-2011]
Started database file "bagel4_class2bacteriocin_db.fasta"
Formatted 229 sequences in volume 0
SUCCESS: formatted database bagel4_class2bacteriocin_db.fasta

========================[ Mar 13, 2020 11:52 AM ]========================
Version 2.2.26 [Sep-21-2011]
Started database file "bagel4_class3bacteriocin_db.fasta"
Formatted 93 sequences in volume 0
SUCCESS: formatted database bagel4_class3bacteriocin_db.fasta

========================[ Mar 13, 2020 11:52 AM ]========================
Version 2.2.26 [Sep-21-2011]
Started database file "bagel4_class1bacteriocin_db.fasta"
Formatted 488 sequences in volume 0
SUCCESS: formatted database bagel4_class1bacteriocin_db.fasta

========================[ Mar 13, 2020 11:52 AM ]========================
Version 2.2.26 [Sep-21-2011]
Started database file "bagel4_class2bacteriocin_db.fasta"
Formatted 229 sequences in volume 0
SUCCESS: formatted database bagel4_class2bacteriocin_db.fasta

========================[ Mar 13, 2020 11:52 AM ]========================
Version 2.2.26 [Sep-21-2011]
Started database file "bagel4_class3bacteriocin_db.fasta"
Formatted 93 sequences in volume 0
SUCCESS: formatted database bagel4_class3bacteriocin_db.fasta

========================[ Mar 13, 2020 11:54 AM ]========================
Version 2.2.26 [Sep-21-2011]
Started database file "bagel4_class1bacteriocin_db.fasta"
Formatted 488 sequences in volume 0
SUCCESS: formatted database bagel4_class1bacteriocin_db.fasta

========================[ Mar 13, 2020 11:54 AM ]========================
Version 2.2.26 [Sep-21-2011]
Started database file "bagel4_class2bacteriocin_db.fasta"
FDBFinish: Empty protein database...
SUCCESS: formatted database bagel4_class2bacteriocin_db.fasta

========================[ Mar 13, 2020 11:54 AM ]========================
Version 2.2.26 [Sep-21-2011]
Started database file "bagel4_class3bacteriocin_db.fasta"
Formatted 93 sequences in volume 0
SUCCESS: formatted database bagel4_class3bacteriocin_db.fasta

========================[ Mar 13, 2020 11:56 AM ]========================
Version 2.2.26 [Sep-21-2011]
Started database file "bagel4_class1bacteriocin_db.fasta"
Formatted 488 sequences in volume 0
SUCCESS: formatted database bagel4_class1bacteriocin_db.fasta

========================[ Mar 13, 2020 11:56 AM ]========================
Version 2.2.26 [Sep-21-2011]
Started database file "bagel4_class2bacteriocin_db.fasta"
Formatted 229 sequences in volume 0
SUCCESS: formatted database bagel4_class2bacteriocin_db.fasta

========================[ Mar 13, 2020 11:56 AM ]========================
Version 2.2.26 [Sep-21-2011]
Started database file "bagel4_class3bacteriocin_db.fasta"
Formatted 93 sequences in volume 0
SUCCESS: formatted database bagel4_class3bacteriocin_db.fasta

========================[ Feb 11, 2021 11:50 AM ]========================
Version 2.2.26 [Sep-21-2011]
Started database file "bagel4_class1bacteriocin_db.fasta"
Formatted 499 sequences in volume 0
SUCCESS: formatted database bagel4_class1bacteriocin_db.fasta

========================[ Feb 11, 2021  4:30 PM ]========================
Version 2.2.26 [Sep-21-2011]
Started database file "bagel4_class1bacteriocin_db.fasta"
Formatted 677 sequences in volume 0
SUCCESS: formatted database bagel4_class1bacteriocin_db.fasta
